<?xml version="1.0" encoding="UTF-8"?>
<!-- Generated by org.testng.reporters.JUnitXMLReporter -->
<testsuite hostname="LAPTOP-RJ6NAOK1" ignored="2" name="Test" tests="2" failures="0" timestamp="09 Apr 2019 16:23:13 GMT" time="63.963" errors="0">
  <testcase name="TC101" time="37.389" classname="testScripts.Module1"/>
  <testcase name="TC201" time="24.989" classname="testScripts.Module2"/>
  <testcase name="@AfterSuite aftersuite" time="0.0" classname="frameworkLibrary.BaseClass">
    <ignored/>
  </testcase> <!-- @AfterSuite aftersuite -->
  <testcase name="@BeforeSuite beforesuite" time="0.0" classname="frameworkLibrary.BaseClass">
    <ignored/>
  </testcase> <!-- @BeforeSuite beforesuite -->
</testsuite> <!-- Test -->
